make --dry-run --keep-going --print-directory
make: Entering directory '/home/ben/Repos/Mecury'
rm -f -rf build/c_modules/algorithms
rm -f -rf lib/c_modules/algorithms
mkdir -p lib
mkdir -p build
mkdir -p build/c_modules
mkdir -p lib/c_modules
mkdir -p build/c_modules/algorithms
 
mkdir -p build/c_modules/algorithms/obj
mkdir -p build/c_modules/algorithms/bin
mkdir -p lib/c_modules/algorithms
mkdir -p build/c_modules/algorithms/obj/tests/all
mkdir -p build/c_modules/algorithms/obj/tests/single
make -C utests all
 
make[1]: Entering directory '/home/ben/Repos/Mecury'
make[1]: Leaving directory '/home/ben/Repos/Mecury'
 
make[1]: *** utests: No such file or directory.  Stop.

make: *** [c_modules/makefiles/algo_Makefile.mk:9: algo_tests] Error 2

ar rvs lib/c_modules/algorithms/libAlgorithms.a 
make: Leaving directory '/home/ben/Repos/Mecury'
 
